<?xml version="1.0" encoding="UTF-8"?>
<testng-results ignored="0" total="1" passed="1" failed="0" skipped="0">
  <reporter-output>
  </reporter-output>
  <suite started-at="2021-11-18T17:53:33 IST" name="Suite" finished-at="2021-11-18T17:56:08 IST" duration-ms="155285">
    <groups>
      <group name="cucumber">
        <method signature="AbstractTestNGCucumberTests.runScenario(io.cucumber.testng.PickleWrapper,io.cucumber.testng.FeatureWrapper)[pri:0, instance:com.mindtree.runner.testrunn@6fd83fc1]" name="runScenario" class="io.cucumber.testng.AbstractTestNGCucumberTests"/>
      </group> <!-- cucumber -->
    </groups>
    <test started-at="2021-11-18T17:53:33 IST" name="Test" finished-at="2021-11-18T17:56:08 IST" duration-ms="155285">
      <class name="com.mindtree.runner.testrunn">
        <test-method is-config="true" signature="setUpClass(org.testng.ITestContext)[pri:0, instance:com.mindtree.runner.testrunn@6fd83fc1]" started-at="2021-11-18T17:53:33 IST" name="setUpClass" finished-at="2021-11-18T17:53:35 IST" duration-ms="1393" status="PASS">
          <params>
            <param index="0">
              <value>
                <![CDATA[org.testng.TestRunner@5b2f8ab6]]>
              </value>
            </param>
          </params>
          <reporter-output>
          </reporter-output>
        </test-method> <!-- setUpClass -->
        <test-method signature="runScenario(io.cucumber.testng.PickleWrapper,io.cucumber.testng.FeatureWrapper)[pri:0, instance:com.mindtree.runner.testrunn@6fd83fc1]" started-at="2021-11-18T17:53:35 IST" name="runScenario" description="Runs Cucumber Scenarios" data-provider="scenarios" finished-at="2021-11-18T17:56:08 IST" duration-ms="153073" status="PASS">
          <params>
            <param index="0">
              <value>
                <![CDATA["positive test for user login"]]>
              </value>
            </param>
            <param index="1">
              <value>
                <![CDATA["Optional[to test the login]"]]>
              </value>
            </param>
          </params>
          <reporter-output>
          </reporter-output>
        </test-method> <!-- runScenario -->
        <test-method is-config="true" signature="tearDownClass()[pri:0, instance:com.mindtree.runner.testrunn@6fd83fc1]" started-at="2021-11-18T17:56:08 IST" name="tearDownClass" finished-at="2021-11-18T17:56:08 IST" duration-ms="435" status="PASS">
          <reporter-output>
          </reporter-output>
        </test-method> <!-- tearDownClass -->
      </class> <!-- com.mindtree.runner.testrunn -->
    </test> <!-- Test -->
  </suite> <!-- Suite -->
</testng-results>
